app/build/outputs/logs/manifest-merger-debug-report.txt
-- Merging decision tree log ---
manifest
ADDED from src/main/AndroidManifest.xml:2:1-52:12
	xmlns:android
		ADDED from src/main/AndroidManifest.xml:2:11-69
	package
		ADDED from src/main/AndroidManifest.xml:3:5-40
		INJECTED from src/main/AndroidManifest.xml
		INJECTED from src/main/AndroidManifest.xml
	android:versionName
		ADDED from src/main/AndroidManifest.xml:5:5-30
	android:versionCode
		ADDED from src/main/AndroidManifest.xml:4:5-28
		INJECTED from src/main/AndroidManifest.xml
		INJECTED from src/main/AndroidManifest.xml
uses-sdk
ADDED from src/main/AndroidManifest.xml:7:5-9:41
MERGED from [com.android.support:gridlayout-v7:18.0.0] AndroidManifest.xml:18:5-42
	android:targetSdkVersion
		ADDED from src/main/AndroidManifest.xml:9:9-38
		INJECTED from src/main/AndroidManifest.xml
		INJECTED from src/main/AndroidManifest.xml
	android:minSdkVersion
		ADDED from src/main/AndroidManifest.xml:8:9-34
		INJECTED from src/main/AndroidManifest.xml
		INJECTED from src/main/AndroidManifest.xml
application
ADDED from src/main/AndroidManifest.xml:11:5-47:19
MERGED from [com.android.support:gridlayout-v7:18.0.0] AndroidManifest.xml:19:5-20
	android:label
		ADDED from src/main/AndroidManifest.xml:14:9-41
	android:allowBackup
		ADDED from src/main/AndroidManifest.xml:12:9-35
	android:icon
		ADDED from src/main/AndroidManifest.xml:13:9-45
	android:theme
		ADDED from src/main/AndroidManifest.xml:15:9-40
	android:name
		ADDED from src/main/AndroidManifest.xml:16:9-74
activity#com.example.swachh_bharat.MainActivity
ADDED from src/main/AndroidManifest.xml:17:9-25:20
	android:label
		ADDED from src/main/AndroidManifest.xml:19:13-45
	android:name
		ADDED from src/main/AndroidManifest.xml:18:13-66
intent-filter#android.intent.action.MAIN+android.intent.category.LAUNCHER
ADDED from src/main/AndroidManifest.xml:20:13-24:29
action#android.intent.action.MAIN
ADDED from src/main/AndroidManifest.xml:21:17-69
	android:name
		ADDED from src/main/AndroidManifest.xml:21:25-66
category#android.intent.category.LAUNCHER
ADDED from src/main/AndroidManifest.xml:23:17-77
	android:name
		ADDED from src/main/AndroidManifest.xml:23:27-74
activity#com.example.swachh_bharat.Displaycompliant_info
ADDED from src/main/AndroidManifest.xml:27:9-29:24
	android:name
		ADDED from src/main/AndroidManifest.xml:28:13-75
activity#com.example.swachh_bharat.status_activity
ADDED from src/main/AndroidManifest.xml:31:9-33:24
	android:name
		ADDED from src/main/AndroidManifest.xml:32:13-69
activity#com.example.swachh_bharat.help_activity
ADDED from src/main/AndroidManifest.xml:35:9-37:24
	android:name
		ADDED from src/main/AndroidManifest.xml:36:13-67
activity#com.example.swachh_bharat.compliant_activity
ADDED from src/main/AndroidManifest.xml:39:9-41:24
	android:name
		ADDED from src/main/AndroidManifest.xml:40:13-72
activity#com.example.swachh_bharat.Working
ADDED from src/main/AndroidManifest.xml:43:9-45:20
	android:name
		ADDED from src/main/AndroidManifest.xml:44:13-61
uses-permission#android.permission.INTERNET
ADDED from src/main/AndroidManifest.xml:48:5-67
	android:name
		ADDED from src/main/AndroidManifest.xml:48:22-64
uses-permission#android.permission.ACCESS_NETWORK_STATE
ADDED from src/main/AndroidManifest.xml:49:5-79
	android:name
		ADDED from src/main/AndroidManifest.xml:49:22-76
uses-permission#android.permission.WRITE_EXTERNAL_STORAGE
ADDED from src/main/AndroidManifest.xml:50:5-81
	android:name
		ADDED from src/main/AndroidManifest.xml:50:22-78
uses-permission#android.permission.READ_EXTERNAL_STORAGE
ADDED from src/main/AndroidManifest.xml:51:5-80
	android:name
		ADDED from src/main/AndroidManifest.xml:51:22-77